<?xml version="1.0" encoding="UTF-8"?>
<testng-results ignored="0" total="1" passed="1" failed="0" skipped="0">
  <reporter-output>
  </reporter-output>
  <suite started-at="2023-10-16T11:06:40 IST" name="Default suite" finished-at="2023-10-16T11:06:40 IST" duration-ms="99">
    <groups>
    </groups>
    <test started-at="2023-10-16T11:06:40 IST" name="Default test" finished-at="2023-10-16T11:06:40 IST" duration-ms="99">
      <class name="RequresAllOperation.StaicResponceValidation">
        <test-method signature="staticResponce()[pri:0, instance:RequresAllOperation.StaicResponceValidation@35dab4eb]" started-at="2023-10-16T11:06:40 IST" name="staticResponce" finished-at="2023-10-16T11:06:40 IST" duration-ms="13" status="PASS">
          <reporter-output>
          </reporter-output>
        </test-method> <!-- staticResponce -->
      </class> <!-- RequresAllOperation.StaicResponceValidation -->
    </test> <!-- Default test -->
  </suite> <!-- Default suite -->
</testng-results>
